{"level":"error","message":"Redis connection failed: getaddrinfo ENOTFOUND redis","timestamp":"2025-09-20T13:59:28.533Z"}
{"level":"error","message":"Redis connection failed: getaddrinfo ENOTFOUND redis","timestamp":"2025-09-20T13:59:45.773Z"}
{"level":"info","message":"Token received from middleware->verifyToken : eyJhbGciOiJIUzI1NiIsInR5cCI6IkpXVCJ9.eyJpZCI6IjY4Y2Q1NDU5ZmJmNmFhODc1ZGNiNjEzMiIsInJvbGUiOiJ1c2VyIiwiaWF0IjoxNzU4NDQ0NTg1LCJleHAiOjE3NTg0NDU0ODV9.AYMf2QQQSxdKvefLqO76BYHdlkSmK7DKXieXhuJ6zEQ","timestamp":"2025-09-21T09:11:28.934Z"}
{"level":"error","message":"Failed to verify token: jwt expired","timestamp":"2025-09-21T09:11:28.953Z"}
{"level":"info","message":"Token received from middleware->verifyToken : eyJhbGciOiJIUzI1NiIsInR5cCI6IkpXVCJ9.eyJpZCI6IjY4Y2Q1NDU5ZmJmNmFhODc1ZGNiNjEzMiIsInJvbGUiOiJ1c2VyIiwiaWF0IjoxNzU4NDQ0NTg1LCJleHAiOjE3NTg0NDU0ODV9.AYMf2QQQSxdKvefLqO76BYHdlkSmK7DKXieXhuJ6zEQ","timestamp":"2025-09-21T09:11:28.963Z"}
{"level":"error","message":"Failed to verify token: jwt expired","timestamp":"2025-09-21T09:11:28.967Z"}
{"level":"info","message":"Token received from middleware->verifyToken : eyJhbGciOiJIUzI1NiIsInR5cCI6IkpXVCJ9.eyJpZCI6IjY4Y2Q1NDU5ZmJmNmFhODc1ZGNiNjEzMiIsInJvbGUiOiJ1c2VyIiwiaWF0IjoxNzU4NDQ0NTg1LCJleHAiOjE3NTg0NDU0ODV9.AYMf2QQQSxdKvefLqO76BYHdlkSmK7DKXieXhuJ6zEQ","timestamp":"2025-09-21T09:14:01.593Z"}
{"level":"error","message":"Failed to verify token: jwt expired","timestamp":"2025-09-21T09:14:01.654Z"}
{"level":"info","message":"Token received from middleware->verifyToken : eyJhbGciOiJIUzI1NiIsInR5cCI6IkpXVCJ9.eyJpZCI6IjY4Y2Q1NDU5ZmJmNmFhODc1ZGNiNjEzMiIsInJvbGUiOiJ1c2VyIiwiaWF0IjoxNzU4NDQ0NTg1LCJleHAiOjE3NTg0NDU0ODV9.AYMf2QQQSxdKvefLqO76BYHdlkSmK7DKXieXhuJ6zEQ","timestamp":"2025-09-21T09:14:01.711Z"}
{"level":"error","message":"Failed to verify token: jwt expired","timestamp":"2025-09-21T09:14:01.725Z"}
{"level":"info","message":"Token received from middleware->verifyToken : eyJhbGciOiJIUzI1NiIsInR5cCI6IkpXVCJ9.eyJpZCI6IjY4Y2Q1NDU5ZmJmNmFhODc1ZGNiNjEzMiIsInJvbGUiOiJ1c2VyIiwiaWF0IjoxNzU4NDQ0NTg1LCJleHAiOjE3NTg0NDU0ODV9.AYMf2QQQSxdKvefLqO76BYHdlkSmK7DKXieXhuJ6zEQ","timestamp":"2025-09-21T09:15:04.654Z"}
{"level":"error","message":"Failed to verify token: jwt expired","timestamp":"2025-09-21T09:15:04.666Z"}
{"level":"info","message":"Token received from middleware->verifyToken : eyJhbGciOiJIUzI1NiIsInR5cCI6IkpXVCJ9.eyJpZCI6IjY4Y2Q1NDU5ZmJmNmFhODc1ZGNiNjEzMiIsInJvbGUiOiJ1c2VyIiwiaWF0IjoxNzU4NDQ0NTg1LCJleHAiOjE3NTg0NDU0ODV9.AYMf2QQQSxdKvefLqO76BYHdlkSmK7DKXieXhuJ6zEQ","timestamp":"2025-09-21T09:15:04.716Z"}
{"level":"error","message":"Failed to verify token: jwt expired","timestamp":"2025-09-21T09:15:04.721Z"}
{"level":"info","message":"Token received from middleware->verifyToken : eyJhbGciOiJIUzI1NiIsInR5cCI6IkpXVCJ9.eyJpZCI6IjY4Y2Q1NDU5ZmJmNmFhODc1ZGNiNjEzMiIsInJvbGUiOiJ1c2VyIiwiaWF0IjoxNzU4NDQ0NTg1LCJleHAiOjE3NTg0NDU0ODV9.AYMf2QQQSxdKvefLqO76BYHdlkSmK7DKXieXhuJ6zEQ","timestamp":"2025-09-21T09:17:36.161Z"}
{"level":"error","message":"Failed to verify token: jwt expired","timestamp":"2025-09-21T09:17:36.210Z"}
{"level":"info","message":"Token received from middleware->verifyToken : eyJhbGciOiJIUzI1NiIsInR5cCI6IkpXVCJ9.eyJpZCI6IjY4Y2Q1NDU5ZmJmNmFhODc1ZGNiNjEzMiIsInJvbGUiOiJ1c2VyIiwiaWF0IjoxNzU4NDQ0NTg1LCJleHAiOjE3NTg0NDU0ODV9.AYMf2QQQSxdKvefLqO76BYHdlkSmK7DKXieXhuJ6zEQ","timestamp":"2025-09-21T09:17:36.364Z"}
{"level":"error","message":"Failed to verify token: jwt expired","timestamp":"2025-09-21T09:17:36.367Z"}
{"level":"info","message":"Token received from middleware->verifyToken : eyJhbGciOiJIUzI1NiIsInR5cCI6IkpXVCJ9.eyJpZCI6IjY4Y2Q1NDU5ZmJmNmFhODc1ZGNiNjEzMiIsInJvbGUiOiJ1c2VyIiwiaWF0IjoxNzU4NDQ0NTg1LCJleHAiOjE3NTg0NDU0ODV9.AYMf2QQQSxdKvefLqO76BYHdlkSmK7DKXieXhuJ6zEQ","timestamp":"2025-09-21T09:18:39.311Z"}
{"level":"error","message":"Failed to verify token: jwt expired","timestamp":"2025-09-21T09:18:39.316Z"}
{"level":"info","message":"Token received from middleware->verifyToken : eyJhbGciOiJIUzI1NiIsInR5cCI6IkpXVCJ9.eyJpZCI6IjY4Y2Q1NDU5ZmJmNmFhODc1ZGNiNjEzMiIsInJvbGUiOiJ1c2VyIiwiaWF0IjoxNzU4NDQ0NTg1LCJleHAiOjE3NTg0NDU0ODV9.AYMf2QQQSxdKvefLqO76BYHdlkSmK7DKXieXhuJ6zEQ","timestamp":"2025-09-21T09:18:39.322Z"}
{"level":"error","message":"Failed to verify token: jwt expired","timestamp":"2025-09-21T09:18:39.325Z"}
{"level":"info","message":"Token received from middleware->verifyToken : eyJhbGciOiJIUzI1NiIsInR5cCI6IkpXVCJ9.eyJpZCI6IjY4Y2Q1NDU5ZmJmNmFhODc1ZGNiNjEzMiIsInJvbGUiOiJ1c2VyIiwiaWF0IjoxNzU4NDQ0NTg1LCJleHAiOjE3NTg0NDU0ODV9.AYMf2QQQSxdKvefLqO76BYHdlkSmK7DKXieXhuJ6zEQ","timestamp":"2025-09-21T09:19:05.733Z"}
{"level":"info","message":"payload gotit","timestamp":"2025-09-21T09:19:05.738Z"}
{"level":"error","message":"Failed to verify token: jwt expired","timestamp":"2025-09-21T09:19:05.742Z"}
{"level":"info","message":"Token received from middleware->verifyToken : eyJhbGciOiJIUzI1NiIsInR5cCI6IkpXVCJ9.eyJpZCI6IjY4Y2Q1NDU5ZmJmNmFhODc1ZGNiNjEzMiIsInJvbGUiOiJ1c2VyIiwiaWF0IjoxNzU4NDQ0NTg1LCJleHAiOjE3NTg0NDU0ODV9.AYMf2QQQSxdKvefLqO76BYHdlkSmK7DKXieXhuJ6zEQ","timestamp":"2025-09-21T09:19:05.749Z"}
{"level":"info","message":"payload gotit","timestamp":"2025-09-21T09:19:05.750Z"}
{"level":"error","message":"Failed to verify token: jwt expired","timestamp":"2025-09-21T09:19:05.754Z"}
{"level":"info","message":"Token received from middleware->verifyToken : eyJhbGciOiJIUzI1NiIsInR5cCI6IkpXVCJ9.eyJpZCI6IjY4Y2Q1NDU5ZmJmNmFhODc1ZGNiNjEzMiIsInJvbGUiOiJ1c2VyIiwiaWF0IjoxNzU4NDQ0NTg1LCJleHAiOjE3NTg0NDU0ODV9.AYMf2QQQSxdKvefLqO76BYHdlkSmK7DKXieXhuJ6zEQ","timestamp":"2025-09-21T09:19:33.607Z"}
{"level":"info","message":"payload gotit","timestamp":"2025-09-21T09:19:33.611Z"}
{"level":"error","message":"Failed to verify token: jwt expired","timestamp":"2025-09-21T09:19:33.616Z"}
{"level":"info","message":"Token received from middleware->verifyToken : eyJhbGciOiJIUzI1NiIsInR5cCI6IkpXVCJ9.eyJpZCI6IjY4Y2Q1NDU5ZmJmNmFhODc1ZGNiNjEzMiIsInJvbGUiOiJ1c2VyIiwiaWF0IjoxNzU4NDQ0NTg1LCJleHAiOjE3NTg0NDU0ODV9.AYMf2QQQSxdKvefLqO76BYHdlkSmK7DKXieXhuJ6zEQ","timestamp":"2025-09-21T09:19:33.635Z"}
{"level":"info","message":"payload gotit","timestamp":"2025-09-21T09:19:33.642Z"}
{"level":"error","message":"Failed to verify token: jwt expired","timestamp":"2025-09-21T09:19:33.646Z"}
{"level":"info","message":"Token received from middleware->verifyToken : eyJhbGciOiJIUzI1NiIsInR5cCI6IkpXVCJ9.eyJpZCI6IjY4Y2Q1NDU5ZmJmNmFhODc1ZGNiNjEzMiIsInJvbGUiOiJ1c2VyIiwiaWF0IjoxNzU4NDQ0NTg1LCJleHAiOjE3NTg0NDU0ODV9.AYMf2QQQSxdKvefLqO76BYHdlkSmK7DKXieXhuJ6zEQ","timestamp":"2025-09-21T09:20:17.091Z"}
{"level":"info","message":"payload gotit","timestamp":"2025-09-21T09:20:17.097Z"}
{"level":"error","message":"Failed to verify token: jwt expired","timestamp":"2025-09-21T09:20:17.128Z"}
{"level":"info","message":"Token received from middleware->verifyToken : eyJhbGciOiJIUzI1NiIsInR5cCI6IkpXVCJ9.eyJpZCI6IjY4Y2Q1NDU5ZmJmNmFhODc1ZGNiNjEzMiIsInJvbGUiOiJ1c2VyIiwiaWF0IjoxNzU4NDQ0NTg1LCJleHAiOjE3NTg0NDU0ODV9.AYMf2QQQSxdKvefLqO76BYHdlkSmK7DKXieXhuJ6zEQ","timestamp":"2025-09-21T09:20:17.150Z"}
{"level":"info","message":"payload gotit","timestamp":"2025-09-21T09:20:17.151Z"}
{"level":"error","message":"Failed to verify token: jwt expired","timestamp":"2025-09-21T09:20:17.153Z"}
{"level":"info","message":"Token received from middleware->verifyToken : eyJhbGciOiJIUzI1NiIsInR5cCI6IkpXVCJ9.eyJpZCI6IjY4Y2Q1NDU5ZmJmNmFhODc1ZGNiNjEzMiIsInJvbGUiOiJ1c2VyIiwiaWF0IjoxNzU4NDQ0NTg1LCJleHAiOjE3NTg0NDU0ODV9.AYMf2QQQSxdKvefLqO76BYHdlkSmK7DKXieXhuJ6zEQ","timestamp":"2025-09-21T09:29:07.714Z"}
{"level":"info","message":"payload gotit","timestamp":"2025-09-21T09:29:07.738Z"}
{"level":"error","message":"Failed to verify token: jwt expired","timestamp":"2025-09-21T09:29:07.790Z"}
{"level":"info","message":"Token received from middleware->verifyToken : eyJhbGciOiJIUzI1NiIsInR5cCI6IkpXVCJ9.eyJpZCI6IjY4Y2Q1NDU5ZmJmNmFhODc1ZGNiNjEzMiIsInJvbGUiOiJ1c2VyIiwiaWF0IjoxNzU4NDQ0NTg1LCJleHAiOjE3NTg0NDU0ODV9.AYMf2QQQSxdKvefLqO76BYHdlkSmK7DKXieXhuJ6zEQ","timestamp":"2025-09-21T09:29:07.824Z"}
{"level":"info","message":"payload gotit","timestamp":"2025-09-21T09:29:07.825Z"}
{"level":"error","message":"Failed to verify token: jwt expired","timestamp":"2025-09-21T09:29:07.831Z"}
{"level":"info","message":"Token received from middleware->verifyToken : eyJhbGciOiJIUzI1NiIsInR5cCI6IkpXVCJ9.eyJpZCI6IjY4Y2Q1NDU5ZmJmNmFhODc1ZGNiNjEzMiIsInJvbGUiOiJ1c2VyIiwiaWF0IjoxNzU4NDQ0NTg1LCJleHAiOjE3NTg0NDU0ODV9.AYMf2QQQSxdKvefLqO76BYHdlkSmK7DKXieXhuJ6zEQ","timestamp":"2025-09-21T09:30:27.422Z"}
{"level":"info","message":"payload gotit","timestamp":"2025-09-21T09:30:27.441Z"}
{"level":"error","message":"Failed to verify token: jwt expired","timestamp":"2025-09-21T09:30:27.451Z"}
{"level":"info","message":"Token received from middleware->verifyToken : eyJhbGciOiJIUzI1NiIsInR5cCI6IkpXVCJ9.eyJpZCI6IjY4Y2Q1NDU5ZmJmNmFhODc1ZGNiNjEzMiIsInJvbGUiOiJ1c2VyIiwiaWF0IjoxNzU4NDQ0NTg1LCJleHAiOjE3NTg0NDU0ODV9.AYMf2QQQSxdKvefLqO76BYHdlkSmK7DKXieXhuJ6zEQ","timestamp":"2025-09-21T09:30:27.468Z"}
{"level":"info","message":"payload gotit","timestamp":"2025-09-21T09:30:27.469Z"}
{"level":"error","message":"Failed to verify token: jwt expired","timestamp":"2025-09-21T09:30:27.472Z"}
{"level":"info","message":"req.body : [object Object]","timestamp":"2025-09-21T09:30:27.529Z"}
{"level":"info","message":"userId:eyJhbGciOiJIUzI1NiIsInR5cCI6IkpXVCJ9.eyJpZCI6IjY4Y2Q1NDU5ZmJmNmFhODc1ZGNiNjEzMiIsInJvbGUiOiJ1c2VyIiwiaWF0IjoxNzU4NDQ0NTg1LCJleHAiOjE3NTkwNDkzODV9.wses1wqPoUG7NKlR6r5gdy3FBn4kLKWvMBPWlWqRNv8","timestamp":"2025-09-21T09:30:27.538Z"}
{"level":"info","message":"decoded :[object Object]","timestamp":"2025-09-21T09:30:27.542Z"}
{"level":"info","message":"payload from JWT->generateToken : [object Object]","timestamp":"2025-09-21T09:30:27.545Z"}
{"level":"info","message":"User accessToken successfully recreated","timestamp":"2025-09-21T09:30:27.557Z"}
{"level":"info","message":"req.body : [object Object]","timestamp":"2025-09-21T09:30:27.565Z"}
{"level":"info","message":"userId:eyJhbGciOiJIUzI1NiIsInR5cCI6IkpXVCJ9.eyJpZCI6IjY4Y2Q1NDU5ZmJmNmFhODc1ZGNiNjEzMiIsInJvbGUiOiJ1c2VyIiwiaWF0IjoxNzU4NDQ0NTg1LCJleHAiOjE3NTkwNDkzODV9.wses1wqPoUG7NKlR6r5gdy3FBn4kLKWvMBPWlWqRNv8","timestamp":"2025-09-21T09:30:27.569Z"}
{"level":"info","message":"decoded :[object Object]","timestamp":"2025-09-21T09:30:27.582Z"}
{"level":"info","message":"payload from JWT->generateToken : [object Object]","timestamp":"2025-09-21T09:30:27.602Z"}
{"level":"info","message":"User accessToken successfully recreated","timestamp":"2025-09-21T09:30:27.625Z"}
{"level":"info","message":"Token received from middleware->verifyToken : undefined","timestamp":"2025-09-21T09:30:27.687Z"}
{"level":"info","message":"payload gotit","timestamp":"2025-09-21T09:30:27.700Z"}
{"level":"error","message":"Failed to verify token: jwt malformed","timestamp":"2025-09-21T09:30:27.711Z"}
{"level":"info","message":"Token received from middleware->verifyToken : undefined","timestamp":"2025-09-21T09:30:27.741Z"}
{"level":"info","message":"payload gotit","timestamp":"2025-09-21T09:30:27.741Z"}
{"level":"error","message":"Failed to verify token: jwt malformed","timestamp":"2025-09-21T09:30:27.742Z"}
{"level":"info","message":"Token received from middleware->verifyToken : eyJhbGciOiJIUzI1NiIsInR5cCI6IkpXVCJ9.eyJpZCI6IjY4Y2Q1NDU5ZmJmNmFhODc1ZGNiNjEzMiIsInJvbGUiOiJ1c2VyIiwiaWF0IjoxNzU4NDQ3MDI3LCJleHAiOjE3NTg0NDc5Mjd9.sAQm053tIaq04_jINqrUpdp9BmdgJSME8VVn8gZiLps","timestamp":"2025-09-21T09:31:46.935Z"}
{"level":"info","message":"payload gotit","timestamp":"2025-09-21T09:31:46.939Z"}
{"level":"info","message":"payload: {\"id\":\"68cd5459fbf6aa875dcb6132\",\"role\":\"user\",\"iat\":1758447027,\"exp\":1758447927}","timestamp":"2025-09-21T09:31:46.943Z"}
{"level":"info","message":"request recieved from the user","timestamp":"2025-09-21T09:31:47.025Z"}
{"level":"info","message":"Token received from middleware->verifyToken : eyJhbGciOiJIUzI1NiIsInR5cCI6IkpXVCJ9.eyJpZCI6IjY4Y2Q1NDU5ZmJmNmFhODc1ZGNiNjEzMiIsInJvbGUiOiJ1c2VyIiwiaWF0IjoxNzU4NDQ3MDI3LCJleHAiOjE3NTg0NDc5Mjd9.sAQm053tIaq04_jINqrUpdp9BmdgJSME8VVn8gZiLps","timestamp":"2025-09-21T09:31:47.092Z"}
{"level":"info","message":"payload gotit","timestamp":"2025-09-21T09:31:47.093Z"}
{"level":"info","message":"payload: {\"id\":\"68cd5459fbf6aa875dcb6132\",\"role\":\"user\",\"iat\":1758447027,\"exp\":1758447927}","timestamp":"2025-09-21T09:31:47.095Z"}
{"level":"info","message":"request recieved from the user","timestamp":"2025-09-21T09:31:47.147Z"}
{"level":"info","message":"Token received from middleware->verifyToken : eyJhbGciOiJIUzI1NiIsInR5cCI6IkpXVCJ9.eyJpZCI6IjY4Y2Q1NDU5ZmJmNmFhODc1ZGNiNjEzMiIsInJvbGUiOiJ1c2VyIiwiaWF0IjoxNzU4NDQ3MDI3LCJleHAiOjE3NTg0NDc5Mjd9.sAQm053tIaq04_jINqrUpdp9BmdgJSME8VVn8gZiLps","timestamp":"2025-09-21T09:34:08.489Z"}
{"level":"info","message":"payload gotit","timestamp":"2025-09-21T09:34:08.521Z"}
{"level":"info","message":"payload: {\"id\":\"68cd5459fbf6aa875dcb6132\",\"role\":\"user\",\"iat\":1758447027,\"exp\":1758447927}","timestamp":"2025-09-21T09:34:08.613Z"}
{"level":"info","message":"request recieved from the user","timestamp":"2025-09-21T09:34:08.866Z"}
{"level":"info","message":"Token received from middleware->verifyToken : eyJhbGciOiJIUzI1NiIsInR5cCI6IkpXVCJ9.eyJpZCI6IjY4Y2Q1NDU5ZmJmNmFhODc1ZGNiNjEzMiIsInJvbGUiOiJ1c2VyIiwiaWF0IjoxNzU4NDQ3MDI3LCJleHAiOjE3NTg0NDc5Mjd9.sAQm053tIaq04_jINqrUpdp9BmdgJSME8VVn8gZiLps","timestamp":"2025-09-21T09:34:08.957Z"}
{"level":"info","message":"payload gotit","timestamp":"2025-09-21T09:34:08.962Z"}
{"level":"info","message":"payload: {\"id\":\"68cd5459fbf6aa875dcb6132\",\"role\":\"user\",\"iat\":1758447027,\"exp\":1758447927}","timestamp":"2025-09-21T09:34:08.965Z"}
{"level":"info","message":"request recieved from the user","timestamp":"2025-09-21T09:34:09.027Z"}
{"level":"info","message":"Token received from middleware->verifyToken : eyJhbGciOiJIUzI1NiIsInR5cCI6IkpXVCJ9.eyJpZCI6IjY4Y2Q1NDU5ZmJmNmFhODc1ZGNiNjEzMiIsInJvbGUiOiJ1c2VyIiwiaWF0IjoxNzU4NDQ3MDI3LCJleHAiOjE3NTg0NDc5Mjd9.sAQm053tIaq04_jINqrUpdp9BmdgJSME8VVn8gZiLps","timestamp":"2025-09-21T09:34:32.633Z"}
{"level":"info","message":"payload gotit","timestamp":"2025-09-21T09:34:32.637Z"}
{"level":"info","message":"payload: {\"id\":\"68cd5459fbf6aa875dcb6132\",\"role\":\"user\",\"iat\":1758447027,\"exp\":1758447927}","timestamp":"2025-09-21T09:34:32.642Z"}
{"level":"info","message":"request recieved from the user","timestamp":"2025-09-21T09:34:32.704Z"}
{"level":"info","message":"Token received from middleware->verifyToken : eyJhbGciOiJIUzI1NiIsInR5cCI6IkpXVCJ9.eyJpZCI6IjY4Y2Q1NDU5ZmJmNmFhODc1ZGNiNjEzMiIsInJvbGUiOiJ1c2VyIiwiaWF0IjoxNzU4NDQ3MDI3LCJleHAiOjE3NTg0NDc5Mjd9.sAQm053tIaq04_jINqrUpdp9BmdgJSME8VVn8gZiLps","timestamp":"2025-09-21T09:34:32.775Z"}
{"level":"info","message":"payload gotit","timestamp":"2025-09-21T09:34:32.779Z"}
{"level":"info","message":"payload: {\"id\":\"68cd5459fbf6aa875dcb6132\",\"role\":\"user\",\"iat\":1758447027,\"exp\":1758447927}","timestamp":"2025-09-21T09:34:32.783Z"}
{"level":"info","message":"request recieved from the user","timestamp":"2025-09-21T09:34:32.851Z"}
{"level":"info","message":"Token received from middleware->verifyToken : eyJhbGciOiJIUzI1NiIsInR5cCI6IkpXVCJ9.eyJpZCI6IjY4Y2Q1NDU5ZmJmNmFhODc1ZGNiNjEzMiIsInJvbGUiOiJ1c2VyIiwiaWF0IjoxNzU4NDQ3MDI3LCJleHAiOjE3NTg0NDc5Mjd9.sAQm053tIaq04_jINqrUpdp9BmdgJSME8VVn8gZiLps","timestamp":"2025-09-21T09:34:47.585Z"}
{"level":"info","message":"payload gotit","timestamp":"2025-09-21T09:34:47.587Z"}
{"level":"info","message":"payload: {\"id\":\"68cd5459fbf6aa875dcb6132\",\"role\":\"user\",\"iat\":1758447027,\"exp\":1758447927}","timestamp":"2025-09-21T09:34:47.590Z"}
{"level":"info","message":"request recieved from the user","timestamp":"2025-09-21T09:34:47.642Z"}
{"level":"info","message":"Token received from middleware->verifyToken : eyJhbGciOiJIUzI1NiIsInR5cCI6IkpXVCJ9.eyJpZCI6IjY4Y2Q1NDU5ZmJmNmFhODc1ZGNiNjEzMiIsInJvbGUiOiJ1c2VyIiwiaWF0IjoxNzU4NDQ3MDI3LCJleHAiOjE3NTg0NDc5Mjd9.sAQm053tIaq04_jINqrUpdp9BmdgJSME8VVn8gZiLps","timestamp":"2025-09-21T09:34:47.697Z"}
{"level":"info","message":"payload gotit","timestamp":"2025-09-21T09:34:47.698Z"}
{"level":"info","message":"payload: {\"id\":\"68cd5459fbf6aa875dcb6132\",\"role\":\"user\",\"iat\":1758447027,\"exp\":1758447927}","timestamp":"2025-09-21T09:34:47.701Z"}
{"level":"info","message":"request recieved from the user","timestamp":"2025-09-21T09:34:47.755Z"}
{"level":"info","message":"Token received from middleware->verifyToken : eyJhbGciOiJIUzI1NiIsInR5cCI6IkpXVCJ9.eyJpZCI6IjY4Y2Q1NDU5ZmJmNmFhODc1ZGNiNjEzMiIsInJvbGUiOiJ1c2VyIiwiaWF0IjoxNzU4NDQ3MDI3LCJleHAiOjE3NTg0NDc5Mjd9.sAQm053tIaq04_jINqrUpdp9BmdgJSME8VVn8gZiLps","timestamp":"2025-09-21T09:35:28.380Z"}
{"level":"info","message":"payload gotit","timestamp":"2025-09-21T09:35:28.382Z"}
{"level":"info","message":"payload: {\"id\":\"68cd5459fbf6aa875dcb6132\",\"role\":\"user\",\"iat\":1758447027,\"exp\":1758447927}","timestamp":"2025-09-21T09:35:28.387Z"}
{"level":"info","message":"request recieved from the user","timestamp":"2025-09-21T09:35:28.444Z"}
{"level":"info","message":"Token received from middleware->verifyToken : eyJhbGciOiJIUzI1NiIsInR5cCI6IkpXVCJ9.eyJpZCI6IjY4Y2Q1NDU5ZmJmNmFhODc1ZGNiNjEzMiIsInJvbGUiOiJ1c2VyIiwiaWF0IjoxNzU4NDQ3MDI3LCJleHAiOjE3NTg0NDc5Mjd9.sAQm053tIaq04_jINqrUpdp9BmdgJSME8VVn8gZiLps","timestamp":"2025-09-21T09:35:28.502Z"}
{"level":"info","message":"payload gotit","timestamp":"2025-09-21T09:35:28.503Z"}
{"level":"info","message":"payload: {\"id\":\"68cd5459fbf6aa875dcb6132\",\"role\":\"user\",\"iat\":1758447027,\"exp\":1758447927}","timestamp":"2025-09-21T09:35:28.504Z"}
{"level":"info","message":"request recieved from the user","timestamp":"2025-09-21T09:35:28.554Z"}
{"level":"info","message":"Token received from middleware->verifyToken : eyJhbGciOiJIUzI1NiIsInR5cCI6IkpXVCJ9.eyJpZCI6IjY4Y2Q1NDU5ZmJmNmFhODc1ZGNiNjEzMiIsInJvbGUiOiJ1c2VyIiwiaWF0IjoxNzU4NDQ3MDI3LCJleHAiOjE3NTg0NDc5Mjd9.sAQm053tIaq04_jINqrUpdp9BmdgJSME8VVn8gZiLps","timestamp":"2025-09-21T09:35:42.106Z"}
{"level":"info","message":"payload gotit","timestamp":"2025-09-21T09:35:42.107Z"}
{"level":"info","message":"payload: {\"id\":\"68cd5459fbf6aa875dcb6132\",\"role\":\"user\",\"iat\":1758447027,\"exp\":1758447927}","timestamp":"2025-09-21T09:35:42.109Z"}
{"level":"info","message":"request recieved from the user","timestamp":"2025-09-21T09:35:42.160Z"}
{"level":"info","message":"Token received from middleware->verifyToken : eyJhbGciOiJIUzI1NiIsInR5cCI6IkpXVCJ9.eyJpZCI6IjY4Y2Q1NDU5ZmJmNmFhODc1ZGNiNjEzMiIsInJvbGUiOiJ1c2VyIiwiaWF0IjoxNzU4NDQ3MDI3LCJleHAiOjE3NTg0NDc5Mjd9.sAQm053tIaq04_jINqrUpdp9BmdgJSME8VVn8gZiLps","timestamp":"2025-09-21T09:35:42.212Z"}
{"level":"info","message":"payload gotit","timestamp":"2025-09-21T09:35:42.213Z"}
{"level":"info","message":"payload: {\"id\":\"68cd5459fbf6aa875dcb6132\",\"role\":\"user\",\"iat\":1758447027,\"exp\":1758447927}","timestamp":"2025-09-21T09:35:42.213Z"}
{"level":"info","message":"request recieved from the user","timestamp":"2025-09-21T09:35:42.268Z"}
{"level":"info","message":"Token received from middleware->verifyToken : eyJhbGciOiJIUzI1NiIsInR5cCI6IkpXVCJ9.eyJpZCI6IjY4Y2Q1NDU5ZmJmNmFhODc1ZGNiNjEzMiIsInJvbGUiOiJ1c2VyIiwiaWF0IjoxNzU4NDQ3MDI3LCJleHAiOjE3NTg0NDc5Mjd9.sAQm053tIaq04_jINqrUpdp9BmdgJSME8VVn8gZiLps","timestamp":"2025-09-21T09:36:15.092Z"}
{"level":"info","message":"payload gotit","timestamp":"2025-09-21T09:36:15.092Z"}
{"level":"info","message":"payload: {\"id\":\"68cd5459fbf6aa875dcb6132\",\"role\":\"user\",\"iat\":1758447027,\"exp\":1758447927}","timestamp":"2025-09-21T09:36:15.094Z"}
{"level":"info","message":"request recieved from the user","timestamp":"2025-09-21T09:36:15.145Z"}
{"level":"info","message":"Token received from middleware->verifyToken : eyJhbGciOiJIUzI1NiIsInR5cCI6IkpXVCJ9.eyJpZCI6IjY4Y2Q1NDU5ZmJmNmFhODc1ZGNiNjEzMiIsInJvbGUiOiJ1c2VyIiwiaWF0IjoxNzU4NDQ3MDI3LCJleHAiOjE3NTg0NDc5Mjd9.sAQm053tIaq04_jINqrUpdp9BmdgJSME8VVn8gZiLps","timestamp":"2025-09-21T09:36:15.198Z"}
{"level":"info","message":"payload gotit","timestamp":"2025-09-21T09:36:15.198Z"}
{"level":"info","message":"payload: {\"id\":\"68cd5459fbf6aa875dcb6132\",\"role\":\"user\",\"iat\":1758447027,\"exp\":1758447927}","timestamp":"2025-09-21T09:36:15.201Z"}
{"level":"info","message":"request recieved from the user","timestamp":"2025-09-21T09:36:15.253Z"}
{"level":"info","message":"Token received from middleware->verifyToken : eyJhbGciOiJIUzI1NiIsInR5cCI6IkpXVCJ9.eyJpZCI6IjY4Y2Q1NDU5ZmJmNmFhODc1ZGNiNjEzMiIsInJvbGUiOiJ1c2VyIiwiaWF0IjoxNzU4NDQ3MDI3LCJleHAiOjE3NTg0NDc5Mjd9.sAQm053tIaq04_jINqrUpdp9BmdgJSME8VVn8gZiLps","timestamp":"2025-09-21T09:36:52.057Z"}
{"level":"info","message":"payload gotit","timestamp":"2025-09-21T09:36:52.058Z"}
{"level":"info","message":"payload: {\"id\":\"68cd5459fbf6aa875dcb6132\",\"role\":\"user\",\"iat\":1758447027,\"exp\":1758447927}","timestamp":"2025-09-21T09:36:52.060Z"}
{"level":"info","message":"request recieved from the user","timestamp":"2025-09-21T09:36:52.110Z"}
{"level":"info","message":"Token received from middleware->verifyToken : eyJhbGciOiJIUzI1NiIsInR5cCI6IkpXVCJ9.eyJpZCI6IjY4Y2Q1NDU5ZmJmNmFhODc1ZGNiNjEzMiIsInJvbGUiOiJ1c2VyIiwiaWF0IjoxNzU4NDQ3MDI3LCJleHAiOjE3NTg0NDc5Mjd9.sAQm053tIaq04_jINqrUpdp9BmdgJSME8VVn8gZiLps","timestamp":"2025-09-21T09:36:52.163Z"}
{"level":"info","message":"payload gotit","timestamp":"2025-09-21T09:36:52.164Z"}
{"level":"info","message":"payload: {\"id\":\"68cd5459fbf6aa875dcb6132\",\"role\":\"user\",\"iat\":1758447027,\"exp\":1758447927}","timestamp":"2025-09-21T09:36:52.165Z"}
{"level":"info","message":"request recieved from the user","timestamp":"2025-09-21T09:36:52.220Z"}
{"level":"info","message":"Token received from middleware->verifyToken : eyJhbGciOiJIUzI1NiIsInR5cCI6IkpXVCJ9.eyJpZCI6IjY4Y2Q1NDU5ZmJmNmFhODc1ZGNiNjEzMiIsInJvbGUiOiJ1c2VyIiwiaWF0IjoxNzU4NDQ3MDI3LCJleHAiOjE3NTg0NDc5Mjd9.sAQm053tIaq04_jINqrUpdp9BmdgJSME8VVn8gZiLps","timestamp":"2025-09-21T09:37:25.652Z"}
{"level":"info","message":"payload gotit","timestamp":"2025-09-21T09:37:25.655Z"}
{"level":"info","message":"payload: {\"id\":\"68cd5459fbf6aa875dcb6132\",\"role\":\"user\",\"iat\":1758447027,\"exp\":1758447927}","timestamp":"2025-09-21T09:37:25.657Z"}
{"level":"info","message":"request recieved from the user","timestamp":"2025-09-21T09:37:25.712Z"}
{"level":"info","message":"Token received from middleware->verifyToken : eyJhbGciOiJIUzI1NiIsInR5cCI6IkpXVCJ9.eyJpZCI6IjY4Y2Q1NDU5ZmJmNmFhODc1ZGNiNjEzMiIsInJvbGUiOiJ1c2VyIiwiaWF0IjoxNzU4NDQ3MDI3LCJleHAiOjE3NTg0NDc5Mjd9.sAQm053tIaq04_jINqrUpdp9BmdgJSME8VVn8gZiLps","timestamp":"2025-09-21T09:37:25.776Z"}
{"level":"info","message":"payload gotit","timestamp":"2025-09-21T09:37:25.777Z"}
{"level":"info","message":"payload: {\"id\":\"68cd5459fbf6aa875dcb6132\",\"role\":\"user\",\"iat\":1758447027,\"exp\":1758447927}","timestamp":"2025-09-21T09:37:25.779Z"}
{"level":"info","message":"request recieved from the user","timestamp":"2025-09-21T09:37:25.833Z"}
{"level":"info","message":"Token received from middleware->verifyToken : eyJhbGciOiJIUzI1NiIsInR5cCI6IkpXVCJ9.eyJpZCI6IjY4Y2Q1NDU5ZmJmNmFhODc1ZGNiNjEzMiIsInJvbGUiOiJ1c2VyIiwiaWF0IjoxNzU4NDQ3MDI3LCJleHAiOjE3NTg0NDc5Mjd9.sAQm053tIaq04_jINqrUpdp9BmdgJSME8VVn8gZiLps","timestamp":"2025-09-21T09:37:37.610Z"}
{"level":"info","message":"payload gotit","timestamp":"2025-09-21T09:37:37.611Z"}
{"level":"info","message":"payload: {\"id\":\"68cd5459fbf6aa875dcb6132\",\"role\":\"user\",\"iat\":1758447027,\"exp\":1758447927}","timestamp":"2025-09-21T09:37:37.615Z"}
{"level":"info","message":"request recieved from the user","timestamp":"2025-09-21T09:37:37.667Z"}
{"level":"info","message":"Token received from middleware->verifyToken : eyJhbGciOiJIUzI1NiIsInR5cCI6IkpXVCJ9.eyJpZCI6IjY4Y2Q1NDU5ZmJmNmFhODc1ZGNiNjEzMiIsInJvbGUiOiJ1c2VyIiwiaWF0IjoxNzU4NDQ3MDI3LCJleHAiOjE3NTg0NDc5Mjd9.sAQm053tIaq04_jINqrUpdp9BmdgJSME8VVn8gZiLps","timestamp":"2025-09-21T09:37:37.722Z"}
{"level":"info","message":"payload gotit","timestamp":"2025-09-21T09:37:37.723Z"}
{"level":"info","message":"payload: {\"id\":\"68cd5459fbf6aa875dcb6132\",\"role\":\"user\",\"iat\":1758447027,\"exp\":1758447927}","timestamp":"2025-09-21T09:37:37.724Z"}
{"level":"info","message":"request recieved from the user","timestamp":"2025-09-21T09:37:37.774Z"}
{"level":"info","message":"Token received from middleware->verifyToken : eyJhbGciOiJIUzI1NiIsInR5cCI6IkpXVCJ9.eyJpZCI6IjY4Y2Q1NDU5ZmJmNmFhODc1ZGNiNjEzMiIsInJvbGUiOiJ1c2VyIiwiaWF0IjoxNzU4NDQ3MDI3LCJleHAiOjE3NTg0NDc5Mjd9.sAQm053tIaq04_jINqrUpdp9BmdgJSME8VVn8gZiLps","timestamp":"2025-09-21T09:38:45.003Z"}
{"level":"info","message":"payload gotit","timestamp":"2025-09-21T09:38:45.008Z"}
{"level":"info","message":"payload: {\"id\":\"68cd5459fbf6aa875dcb6132\",\"role\":\"user\",\"iat\":1758447027,\"exp\":1758447927}","timestamp":"2025-09-21T09:38:45.026Z"}
{"level":"info","message":"request recieved from the user","timestamp":"2025-09-21T09:38:45.096Z"}
{"level":"info","message":"Token received from middleware->verifyToken : eyJhbGciOiJIUzI1NiIsInR5cCI6IkpXVCJ9.eyJpZCI6IjY4Y2Q1NDU5ZmJmNmFhODc1ZGNiNjEzMiIsInJvbGUiOiJ1c2VyIiwiaWF0IjoxNzU4NDQ3MDI3LCJleHAiOjE3NTg0NDc5Mjd9.sAQm053tIaq04_jINqrUpdp9BmdgJSME8VVn8gZiLps","timestamp":"2025-09-21T09:38:45.160Z"}
{"level":"info","message":"payload gotit","timestamp":"2025-09-21T09:38:45.161Z"}
{"level":"info","message":"payload: {\"id\":\"68cd5459fbf6aa875dcb6132\",\"role\":\"user\",\"iat\":1758447027,\"exp\":1758447927}","timestamp":"2025-09-21T09:38:45.163Z"}
{"level":"info","message":"request recieved from the user","timestamp":"2025-09-21T09:38:45.244Z"}
{"level":"info","message":"Token received from middleware->verifyToken : eyJhbGciOiJIUzI1NiIsInR5cCI6IkpXVCJ9.eyJpZCI6IjY4Y2Q1NDU5ZmJmNmFhODc1ZGNiNjEzMiIsInJvbGUiOiJ1c2VyIiwiaWF0IjoxNzU4NDQ3MDI3LCJleHAiOjE3NTg0NDc5Mjd9.sAQm053tIaq04_jINqrUpdp9BmdgJSME8VVn8gZiLps","timestamp":"2025-09-21T09:42:30.514Z"}
{"level":"info","message":"payload gotit","timestamp":"2025-09-21T09:42:30.528Z"}
{"level":"info","message":"payload: {\"id\":\"68cd5459fbf6aa875dcb6132\",\"role\":\"user\",\"iat\":1758447027,\"exp\":1758447927}","timestamp":"2025-09-21T09:42:30.559Z"}
{"level":"info","message":"request recieved from the user","timestamp":"2025-09-21T09:42:30.635Z"}
{"level":"info","message":"Token received from middleware->verifyToken : eyJhbGciOiJIUzI1NiIsInR5cCI6IkpXVCJ9.eyJpZCI6IjY4Y2Q1NDU5ZmJmNmFhODc1ZGNiNjEzMiIsInJvbGUiOiJ1c2VyIiwiaWF0IjoxNzU4NDQ3MDI3LCJleHAiOjE3NTg0NDc5Mjd9.sAQm053tIaq04_jINqrUpdp9BmdgJSME8VVn8gZiLps","timestamp":"2025-09-21T09:42:30.698Z"}
{"level":"info","message":"payload gotit","timestamp":"2025-09-21T09:42:30.698Z"}
{"level":"info","message":"payload: {\"id\":\"68cd5459fbf6aa875dcb6132\",\"role\":\"user\",\"iat\":1758447027,\"exp\":1758447927}","timestamp":"2025-09-21T09:42:30.700Z"}
{"level":"info","message":"request recieved from the user","timestamp":"2025-09-21T09:42:30.751Z"}
{"__next_hmr_refresh_hash__":"557","accessToken":"eyJhbGciOiJIUzI1NiIsInR5cCI6IkpXVCJ9.eyJpZCI6IjY4Y2Q1NDU5ZmJmNmFhODc1ZGNiNjEzMiIsInJvbGUiOiJ1c2VyIiwiaWF0IjoxNzU4NDQ3MDI3LCJleHAiOjE3NTg0NDc5Mjd9.sAQm053tIaq04_jINqrUpdp9BmdgJSME8VVn8gZiLps","level":"info","message":"req.cookies","refreshToken":"eyJhbGciOiJIUzI1NiIsInR5cCI6IkpXVCJ9.eyJpZCI6IjY4Y2Q1NDU5ZmJmNmFhODc1ZGNiNjEzMiIsInJvbGUiOiJ1c2VyIiwiaWF0IjoxNzU4NDQ3MDI3LCJleHAiOjE3NTkwNTE4Mjd9.AdrWm1jqmCt2BoXlRXPSm9EcbIsFx0yG6CZgMtwPv6Q","timestamp":"2025-09-21T09:43:05.188Z"}
{"level":"info","message":"Token received from middleware->verifyToken : undefined","timestamp":"2025-09-21T09:43:10.451Z"}
{"level":"info","message":"Token received from middleware->verifyToken : undefined","timestamp":"2025-09-21T09:43:10.456Z"}
{"level":"info","message":"from refresh token req.body : [object Object]","timestamp":"2025-09-21T09:43:10.643Z"}
{"level":"info","message":"from refresh token req.body : [object Object]","timestamp":"2025-09-21T09:43:10.671Z"}
{"level":"info","message":"Token received from middleware->verifyToken : undefined","timestamp":"2025-09-21T09:44:43.312Z"}
{"level":"info","message":"Token received from middleware->verifyToken : undefined","timestamp":"2025-09-21T09:44:43.334Z"}
{"level":"info","message":"from refresh token req.body : {\"__next_hmr_refresh_hash__\":\"557\"}","timestamp":"2025-09-21T09:44:43.371Z"}
{"level":"info","message":"from refresh token req.body : {\"__next_hmr_refresh_hash__\":\"557\"}","timestamp":"2025-09-21T09:44:43.381Z"}
{"level":"info","message":"Token received from middleware->verifyToken : undefined","timestamp":"2025-09-21T09:48:03.470Z"}
{"level":"info","message":"Token received from middleware->verifyToken : undefined","timestamp":"2025-09-21T09:48:03.495Z"}
{"level":"info","message":"Token received from middleware->verifyToken : undefined","timestamp":"2025-09-21T09:48:16.405Z"}
{"level":"info","message":"Token received from middleware->verifyToken : undefined","timestamp":"2025-09-21T09:48:16.423Z"}
{"level":"info","message":"from refresh token req.body : {\"__next_hmr_refresh_hash__\":\"629\"}","timestamp":"2025-09-21T09:48:16.510Z"}
{"level":"info","message":"from refresh token req.body : {\"__next_hmr_refresh_hash__\":\"629\"}","timestamp":"2025-09-21T09:48:16.534Z"}
{"level":"info","message":"Token received from middleware->verifyToken : undefined","timestamp":"2025-09-21T09:48:52.530Z"}
{"level":"info","message":"Token received from middleware->verifyToken : undefined","timestamp":"2025-09-21T09:48:52.539Z"}
{"level":"info","message":"from refresh token req.body : {\"__next_hmr_refresh_hash__\":\"693\"}","timestamp":"2025-09-21T09:48:52.569Z"}
{"level":"info","message":"from refresh token req.body : {\"__next_hmr_refresh_hash__\":\"693\"}","timestamp":"2025-09-21T09:48:52.578Z"}
{"level":"info","message":"Token received from middleware->verifyToken : undefined","timestamp":"2025-09-21T09:50:52.766Z"}
{"level":"info","message":"Token received from middleware->verifyToken : undefined","timestamp":"2025-09-21T09:50:52.802Z"}
{"level":"info","message":"from refresh token req.body : {\"__next_hmr_refresh_hash__\":\"816\"}","timestamp":"2025-09-21T09:50:52.918Z"}
{"level":"info","message":"from refresh token req.body : {\"__next_hmr_refresh_hash__\":\"816\"}","timestamp":"2025-09-21T09:50:52.933Z"}
{"level":"info","message":"Token received from middleware->verifyToken : undefined","timestamp":"2025-09-21T09:51:30.870Z"}
{"level":"info","message":"Token received from middleware->verifyToken : undefined","timestamp":"2025-09-21T09:51:30.892Z"}
{"level":"info","message":"from refresh token req.body : {\"__next_hmr_refresh_hash__\":\"816\"}","timestamp":"2025-09-21T09:51:30.985Z"}
{"level":"info","message":"from refresh token req.body : {\"__next_hmr_refresh_hash__\":\"816\"}","timestamp":"2025-09-21T09:51:31.022Z"}
{"level":"info","message":"Token received from middleware->verifyToken : undefined","timestamp":"2025-09-21T09:53:10.547Z"}
{"level":"info","message":"Token received from middleware->verifyToken : undefined","timestamp":"2025-09-21T09:53:10.588Z"}
{"level":"info","message":"from refresh token req.body : {\"__next_hmr_refresh_hash__\":\"816\"}","timestamp":"2025-09-21T09:53:10.659Z"}
{"level":"info","message":"from refresh token req.body : {\"__next_hmr_refresh_hash__\":\"816\"}","timestamp":"2025-09-21T09:53:10.756Z"}
{"level":"info","message":"Token received from middleware->verifyToken : undefined","timestamp":"2025-09-21T10:19:46.112Z"}
{"level":"info","message":"Token received from middleware->verifyToken : undefined","timestamp":"2025-09-21T10:19:46.135Z"}
{"level":"info","message":"from refresh token req.body : {\"__next_hmr_refresh_hash__\":\"816\"}","timestamp":"2025-09-21T10:19:46.156Z"}
{"level":"info","message":"from refresh token req.body : {\"__next_hmr_refresh_hash__\":\"816\"}","timestamp":"2025-09-21T10:19:46.171Z"}
{"level":"info","message":"payload from JWT->generateToken : [object Object]","timestamp":"2025-09-21T10:20:25.460Z"}
{"level":"info","message":"From UserAuth->verifyLogin:- User sanju@gmail.com logged in successfully","timestamp":"2025-09-21T10:20:25.513Z"}
{"level":"info","message":"User sanju@gmail.com logged in successfully","timestamp":"2025-09-21T10:20:25.522Z"}
{"level":"info","message":"Token received from middleware->verifyToken : eyJhbGciOiJIUzI1NiIsInR5cCI6IkpXVCJ9.eyJpZCI6IjY4Y2Q1NDU5ZmJmNmFhODc1ZGNiNjEzMiIsInJvbGUiOiJ1c2VyIiwiaWF0IjoxNzU4NDUwMDI1LCJleHAiOjE3NTg0NTA5MjV9.AnRA3x_Rhr11XYl1ZGJHPyVo0V5kbp60jlSoPiwUxbY","timestamp":"2025-09-21T10:20:34.392Z"}
{"level":"info","message":"payload gotit","timestamp":"2025-09-21T10:20:34.393Z"}
{"level":"info","message":"payload: {\"id\":\"68cd5459fbf6aa875dcb6132\",\"role\":\"user\",\"iat\":1758450025,\"exp\":1758450925}","timestamp":"2025-09-21T10:20:34.427Z"}
{"level":"info","message":"request recieved from the user","timestamp":"2025-09-21T10:20:34.544Z"}
{"level":"info","message":"Token received from middleware->verifyToken : eyJhbGciOiJIUzI1NiIsInR5cCI6IkpXVCJ9.eyJpZCI6IjY4Y2Q1NDU5ZmJmNmFhODc1ZGNiNjEzMiIsInJvbGUiOiJ1c2VyIiwiaWF0IjoxNzU4NDUwMDI1LCJleHAiOjE3NTg0NTA5MjV9.AnRA3x_Rhr11XYl1ZGJHPyVo0V5kbp60jlSoPiwUxbY","timestamp":"2025-09-21T10:20:34.642Z"}
{"level":"info","message":"payload gotit","timestamp":"2025-09-21T10:20:34.642Z"}
{"level":"info","message":"payload: {\"id\":\"68cd5459fbf6aa875dcb6132\",\"role\":\"user\",\"iat\":1758450025,\"exp\":1758450925}","timestamp":"2025-09-21T10:20:34.645Z"}
{"level":"info","message":"request recieved from the user","timestamp":"2025-09-21T10:20:34.738Z"}
{"level":"info","message":"Generated OTP: 101126","timestamp":"2025-09-21T11:30:39.969Z"}
{"level":"info","message":"Your OTP is 101126","timestamp":"2025-09-21T11:30:39.981Z"}
{"level":"info","message":"Email sent to admin@gmail.com","timestamp":"2025-09-21T11:30:43.738Z"}
{"level":"info","message":"OTP email sent to admin@gmail.com","timestamp":"2025-09-21T11:30:43.739Z"}
{"level":"info","message":"OTP sent to admin@gmail.com","timestamp":"2025-09-21T11:30:43.741Z"}
{"level":"error","message":"Failed to create user: E11000 duplicate key error collection: test.users index: userName_1 dup key: { userName: null }","timestamp":"2025-09-21T11:30:57.272Z"}
{"level":"error","message":"Failed to verify user: Database error","timestamp":"2025-09-21T11:30:57.273Z"}
{"level":"error","message":"Failed to create user: E11000 duplicate key error collection: test.users index: userName_1 dup key: { userName: null }","timestamp":"2025-09-21T11:31:00.440Z"}
{"level":"error","message":"Failed to verify user: Database error","timestamp":"2025-09-21T11:31:00.441Z"}
{"level":"info","message":"payload from JWT->generateToken : [object Object]","timestamp":"2025-09-21T11:31:54.420Z"}
{"level":"info","message":"From UserAuth->verify:- User admin@gmail.com verified and registered successfully","timestamp":"2025-09-21T11:31:54.428Z"}
{"level":"info","message":"User admin@gmail.com verified successfully","timestamp":"2025-09-21T11:31:54.429Z"}
{"level":"info","message":"payload from JWT->generateToken : [object Object]","timestamp":"2025-09-21T13:41:53.496Z"}
{"level":"info","message":"admin logged in success fully","timestamp":"2025-09-21T13:41:53.511Z"}
{"level":"info","message":"admin logged in response sending successfully","timestamp":"2025-09-21T13:41:53.516Z"}
{"__next_hmr_refresh_hash__":"2281","accessToken":"eyJhbGciOiJIUzI1NiIsInR5cCI6IkpXVCJ9.eyJpZCI6IjY4Y2ZlMjJhZjhkOWJjNDc5ZWQ2NDI1MCIsInJvbGUiOiJhZG1pbiIsImlhdCI6MTc1ODQ2MjExMywiZXhwIjoxNzU4NDYzMDEzfQ.LJAZnSbky_1X81FVv21-HWjGjRnWVVxVld5rejASGGo","level":"info","message":"req.cookies","refreshToken":"eyJhbGciOiJIUzI1NiIsInR5cCI6IkpXVCJ9.eyJpZCI6IjY4Y2ZlMjJhZjhkOWJjNDc5ZWQ2NDI1MCIsInJvbGUiOiJhZG1pbiIsImlhdCI6MTc1ODQ2MjExMywiZXhwIjoxNzU5MDY2OTEzfQ.F6Pc25LIHgbFzUYNGLkoznr2_5ipLYCRfOvfJRKaO0s","timestamp":"2025-09-21T15:08:35.495Z"}
{"level":"info","message":"payload from JWT->generateToken : [object Object]","timestamp":"2025-09-21T15:11:00.639Z"}
{"level":"info","message":"admin logged in success fully","timestamp":"2025-09-21T15:11:00.691Z"}
{"level":"info","message":"admin logged in response sending successfully","timestamp":"2025-09-21T15:11:00.693Z"}
{"__next_hmr_refresh_hash__":"2524","accessToken":"eyJhbGciOiJIUzI1NiIsInR5cCI6IkpXVCJ9.eyJpZCI6IjY4Y2ZlMjJhZjhkOWJjNDc5ZWQ2NDI1MCIsInJvbGUiOiJhZG1pbiIsImlhdCI6MTc1ODQ2NzQ2MCwiZXhwIjoxNzU4NDY4MzYwfQ.MG-kssxXcgheGnJGD8oQySIBQklkDhvRYTPQskDAaSA","level":"info","message":"req.cookies","refreshToken":"eyJhbGciOiJIUzI1NiIsInR5cCI6IkpXVCJ9.eyJpZCI6IjY4Y2ZlMjJhZjhkOWJjNDc5ZWQ2NDI1MCIsInJvbGUiOiJhZG1pbiIsImlhdCI6MTc1ODQ2NzQ2MCwiZXhwIjoxNzU5MDcyMjYwfQ.8yG_nnLApn_smdpTNBV7lYkdoVlehQQ_xHy_jHUnIbw","timestamp":"2025-09-21T15:11:05.801Z"}
{"level":"info","message":"payload from JWT->generateToken : [object Object]","timestamp":"2025-09-21T15:12:58.796Z"}
{"level":"info","message":"admin logged in success fully","timestamp":"2025-09-21T15:12:58.853Z"}
{"level":"info","message":"admin logged in response sending successfully","timestamp":"2025-09-21T15:12:58.858Z"}
{"__next_hmr_refresh_hash__":"2712","accessToken":"eyJhbGciOiJIUzI1NiIsInR5cCI6IkpXVCJ9.eyJpZCI6IjY4Y2ZlMjJhZjhkOWJjNDc5ZWQ2NDI1MCIsInJvbGUiOiJhZG1pbiIsImlhdCI6MTc1ODQ2NzU3OCwiZXhwIjoxNzU4NDY4NDc4fQ.yWCfYp_-4YKNKGKbdC0xraRpvDY4xMeHYs5DyspVs98","level":"info","message":"req.cookies","refreshToken":"eyJhbGciOiJIUzI1NiIsInR5cCI6IkpXVCJ9.eyJpZCI6IjY4Y2ZlMjJhZjhkOWJjNDc5ZWQ2NDI1MCIsInJvbGUiOiJhZG1pbiIsImlhdCI6MTc1ODQ2NzU3OCwiZXhwIjoxNzU5MDcyMzc4fQ.JfERnM1J0N4gtn4-GUP1NUTFT4_G25h-MRL7YanaNHk","timestamp":"2025-09-21T15:14:38.352Z"}
{"level":"info","message":"payload from JWT->generateToken : [object Object]","timestamp":"2025-09-21T15:18:12.035Z"}
{"level":"info","message":"admin logged in success fully","timestamp":"2025-09-21T15:18:12.095Z"}
{"level":"info","message":"admin logged in response sending successfully","timestamp":"2025-09-21T15:18:12.098Z"}
{"__next_hmr_refresh_hash__":"2712","accessToken":"eyJhbGciOiJIUzI1NiIsInR5cCI6IkpXVCJ9.eyJpZCI6IjY4Y2ZlMjJhZjhkOWJjNDc5ZWQ2NDI1MCIsInJvbGUiOiJhZG1pbiIsImlhdCI6MTc1ODQ2Nzg5MiwiZXhwIjoxNzU4NDY4NzkyfQ.ZpVPyzPZO1p0HS8vHkdhdZnXPZqPhdNkxl8Ms55GA2Y","level":"info","message":"req.cookies","refreshToken":"eyJhbGciOiJIUzI1NiIsInR5cCI6IkpXVCJ9.eyJpZCI6IjY4Y2ZlMjJhZjhkOWJjNDc5ZWQ2NDI1MCIsInJvbGUiOiJhZG1pbiIsImlhdCI6MTc1ODQ2Nzg5MiwiZXhwIjoxNzU5MDcyNjkyfQ.QAdVwBOYmWTI8wpoBgqJFz2G3aH04Hqz97edJuk7VL4","timestamp":"2025-09-21T15:18:18.841Z"}
{"level":"info","message":"payload from JWT->generateToken : [object Object]","timestamp":"2025-09-21T15:18:33.959Z"}
{"level":"info","message":"admin logged in success fully","timestamp":"2025-09-21T15:18:33.963Z"}
{"level":"info","message":"admin logged in response sending successfully","timestamp":"2025-09-21T15:18:33.963Z"}
{"__next_hmr_refresh_hash__":"2712","accessToken":"eyJhbGciOiJIUzI1NiIsInR5cCI6IkpXVCJ9.eyJpZCI6IjY4Y2ZlMjJhZjhkOWJjNDc5ZWQ2NDI1MCIsInJvbGUiOiJhZG1pbiIsImlhdCI6MTc1ODQ2NzkxMywiZXhwIjoxNzU4NDY4ODEzfQ.THEXjm2GcAU9aYm8mISGYkH0Gl_MhCufAflKbI8fSNA","level":"info","message":"req.cookies","refreshToken":"eyJhbGciOiJIUzI1NiIsInR5cCI6IkpXVCJ9.eyJpZCI6IjY4Y2ZlMjJhZjhkOWJjNDc5ZWQ2NDI1MCIsInJvbGUiOiJhZG1pbiIsImlhdCI6MTc1ODQ2NzkxMywiZXhwIjoxNzU5MDcyNzEzfQ.F9C8VSNCtKhxdJ4jUmayC4kWNI51uHwMv4AIIjFbgfc","timestamp":"2025-09-21T15:19:37.790Z"}
{"level":"info","message":"payload from JWT->generateToken : [object Object]","timestamp":"2025-09-21T15:21:12.011Z"}
{"level":"info","message":"admin logged in success fully","timestamp":"2025-09-21T15:21:12.048Z"}
{"level":"info","message":"admin logged in response sending successfully","timestamp":"2025-09-21T15:21:12.056Z"}
{"__next_hmr_refresh_hash__":"2982","accessToken":"eyJhbGciOiJIUzI1NiIsInR5cCI6IkpXVCJ9.eyJpZCI6IjY4Y2ZlMjJhZjhkOWJjNDc5ZWQ2NDI1MCIsInJvbGUiOiJhZG1pbiIsImlhdCI6MTc1ODQ2ODA3MiwiZXhwIjoxNzU4NDY4OTcyfQ.y0hyDCsb-2-I4nnIpikZdYI15b6KAC7NfqKKyYLsS3Y","level":"info","message":"req.cookies","refreshToken":"eyJhbGciOiJIUzI1NiIsInR5cCI6IkpXVCJ9.eyJpZCI6IjY4Y2ZlMjJhZjhkOWJjNDc5ZWQ2NDI1MCIsInJvbGUiOiJhZG1pbiIsImlhdCI6MTc1ODQ2ODA3MiwiZXhwIjoxNzU5MDcyODcyfQ.A_g9P54xL7SUFRwFcm5t9x2vU0gSJ3g-VaANEhgUY8I","timestamp":"2025-09-21T15:21:24.095Z"}
{"level":"info","message":"payload from JWT->generateToken : [object Object]","timestamp":"2025-09-21T15:22:59.924Z"}
{"level":"info","message":"admin logged in success fully","timestamp":"2025-09-21T15:22:59.964Z"}
{"level":"info","message":"admin logged in response sending successfully","timestamp":"2025-09-21T15:22:59.967Z"}
{"__next_hmr_refresh_hash__":"3113","accessToken":"eyJhbGciOiJIUzI1NiIsInR5cCI6IkpXVCJ9.eyJpZCI6IjY4Y2ZlMjJhZjhkOWJjNDc5ZWQ2NDI1MCIsInJvbGUiOiJhZG1pbiIsImlhdCI6MTc1ODQ2ODE3OSwiZXhwIjoxNzU4NDY5MDc5fQ.crL4hcrBXOTw5AbSb_sg_aC6ZVHFWpHST9d3IcLIXtM","level":"info","message":"req.cookies","refreshToken":"eyJhbGciOiJIUzI1NiIsInR5cCI6IkpXVCJ9.eyJpZCI6IjY4Y2ZlMjJhZjhkOWJjNDc5ZWQ2NDI1MCIsInJvbGUiOiJhZG1pbiIsImlhdCI6MTc1ODQ2ODE3OSwiZXhwIjoxNzU5MDcyOTc5fQ.t0q9L9dG_kTto0A5a-_7mrFItL2-QukzUbqK_Xb7PH8","timestamp":"2025-09-21T15:23:36.471Z"}
{"level":"info","message":"payload from JWT->generateToken : [object Object]","timestamp":"2025-09-21T15:23:52.429Z"}
{"level":"info","message":"admin logged in success fully","timestamp":"2025-09-21T15:23:52.451Z"}
{"level":"info","message":"admin logged in response sending successfully","timestamp":"2025-09-21T15:23:52.452Z"}
{"__next_hmr_refresh_hash__":"3239","accessToken":"eyJhbGciOiJIUzI1NiIsInR5cCI6IkpXVCJ9.eyJpZCI6IjY4Y2ZlMjJhZjhkOWJjNDc5ZWQ2NDI1MCIsInJvbGUiOiJhZG1pbiIsImlhdCI6MTc1ODQ2ODIzMiwiZXhwIjoxNzU4NDY5MTMyfQ.hLB6m2UDdh-UvMnS6SOodp8FiqTX44hXv2K4EoemZI4","level":"info","message":"req.cookies","refreshToken":"eyJhbGciOiJIUzI1NiIsInR5cCI6IkpXVCJ9.eyJpZCI6IjY4Y2ZlMjJhZjhkOWJjNDc5ZWQ2NDI1MCIsInJvbGUiOiJhZG1pbiIsImlhdCI6MTc1ODQ2ODIzMiwiZXhwIjoxNzU5MDczMDMyfQ.C5DnJspWNcNpGA1pvNXe-zahgdfg-y9E5UH2HVyu_Fs","timestamp":"2025-09-21T15:26:42.265Z"}
{"level":"error","message":"Failed to login user: Invalid credentials","timestamp":"2025-09-21T15:26:47.825Z"}
{"level":"error","message":"Failed to login user: Invalid credentials","timestamp":"2025-09-21T15:27:04.562Z"}
{"level":"error","message":"Failed to login user: Invalid credentials","timestamp":"2025-09-21T15:28:01.774Z"}
{"level":"error","message":"Failed to login user: [\n  {\n    \"origin\": \"string\",\n    \"code\": \"too_small\",\n    \"minimum\": 8,\n    \"inclusive\": true,\n    \"path\": [\n      \"password\"\n    ],\n    \"message\": \"Too small: expected string to have >=8 characters\"\n  }\n]","timestamp":"2025-09-21T15:39:20.763Z"}
{"level":"info","message":"payload from JWT->generateToken : [object Object]","timestamp":"2025-09-21T15:39:42.095Z"}
{"level":"info","message":"From UserAuth->verifyLogin:- User admin@gmail.com logged in successfully","timestamp":"2025-09-21T15:39:42.127Z"}
{"level":"info","message":"User admin@gmail.com logged in successfully","timestamp":"2025-09-21T15:39:42.132Z"}
{"__next_hmr_refresh_hash__":"3327","accessToken":"eyJhbGciOiJIUzI1NiIsInR5cCI6IkpXVCJ9.eyJpZCI6IjY4Y2ZlMjJhZjhkOWJjNDc5ZWQ2NDI1MCIsInJvbGUiOiJhZG1pbiIsImlhdCI6MTc1ODQ2OTE4MiwiZXhwIjoxNzU4NDcwMDgyfQ.7w3Q8sOfHZxx6dH910lECIVM0tCkGZ-kisAxdxuMKQQ","level":"info","message":"req.cookies","refreshToken":"eyJhbGciOiJIUzI1NiIsInR5cCI6IkpXVCJ9.eyJpZCI6IjY4Y2ZlMjJhZjhkOWJjNDc5ZWQ2NDI1MCIsInJvbGUiOiJhZG1pbiIsImlhdCI6MTc1ODQ2OTE4MiwiZXhwIjoxNzU5MDczOTgyfQ.MCbwkEcHb6CavHkPfAMLhLBACB_zbg4c2T-09USvd6I","timestamp":"2025-09-21T15:40:43.755Z"}
{"level":"error","message":"Failed to login user: [\n  {\n    \"origin\": \"string\",\n    \"code\": \"too_small\",\n    \"minimum\": 8,\n    \"inclusive\": true,\n    \"path\": [\n      \"password\"\n    ],\n    \"message\": \"Too small: expected string to have >=8 characters\"\n  }\n]","timestamp":"2025-09-21T15:43:47.563Z"}
{"level":"error","message":"Failed to login user: [\n  {\n    \"origin\": \"string\",\n    \"code\": \"too_small\",\n    \"minimum\": 8,\n    \"inclusive\": true,\n    \"path\": [\n      \"password\"\n    ],\n    \"message\": \"Too small: expected string to have >=8 characters\"\n  }\n]","timestamp":"2025-09-21T15:45:26.596Z"}
{"level":"error","message":"Failed to login user: [\n  {\n    \"origin\": \"string\",\n    \"code\": \"too_small\",\n    \"minimum\": 8,\n    \"inclusive\": true,\n    \"path\": [\n      \"password\"\n    ],\n    \"message\": \"Too small: expected string to have >=8 characters\"\n  }\n]","timestamp":"2025-09-21T15:45:33.361Z"}
{"level":"error","message":"Failed to login user: [\n  {\n    \"origin\": \"string\",\n    \"code\": \"too_small\",\n    \"minimum\": 8,\n    \"inclusive\": true,\n    \"path\": [\n      \"password\"\n    ],\n    \"message\": \"Too small: expected string to have >=8 characters\"\n  }\n]","timestamp":"2025-09-21T15:45:54.976Z"}
{"level":"error","message":"Failed to login user: [\n  {\n    \"origin\": \"string\",\n    \"code\": \"too_small\",\n    \"minimum\": 8,\n    \"inclusive\": true,\n    \"path\": [\n      \"password\"\n    ],\n    \"message\": \"Too small: expected string to have >=8 characters\"\n  }\n]","timestamp":"2025-09-21T15:46:01.415Z"}
{"level":"info","message":"payload from JWT->generateToken : [object Object]","timestamp":"2025-09-21T15:50:27.895Z"}
{"level":"info","message":"From UserAuth->verifyLogin:- User admin@gmail.com logged in successfully","timestamp":"2025-09-21T15:50:27.952Z"}
{"level":"info","message":"User admin@gmail.com logged in successfully","timestamp":"2025-09-21T15:50:27.959Z"}
{"__next_hmr_refresh_hash__":"581","accessToken":"eyJhbGciOiJIUzI1NiIsInR5cCI6IkpXVCJ9.eyJpZCI6IjY4Y2ZlMjJhZjhkOWJjNDc5ZWQ2NDI1MCIsInJvbGUiOiJhZG1pbiIsImlhdCI6MTc1ODQ2OTgyNywiZXhwIjoxNzU4NDcwNzI3fQ.hJk5fec6khZLavc0nM55Ka7YNyjqYbY2NHS6FtqaCCY","level":"info","message":"req.cookies","refreshToken":"eyJhbGciOiJIUzI1NiIsInR5cCI6IkpXVCJ9.eyJpZCI6IjY4Y2ZlMjJhZjhkOWJjNDc5ZWQ2NDI1MCIsInJvbGUiOiJhZG1pbiIsImlhdCI6MTc1ODQ2OTgyNywiZXhwIjoxNzU5MDc0NjI3fQ.wMWVBwBkcAqNpksD7MghpL0kTUDwct9M4rnZGp-WSeI","timestamp":"2025-09-21T15:51:05.123Z"}
{"level":"info","message":"payload from JWT->generateToken : [object Object]","timestamp":"2025-09-21T16:10:02.341Z"}
{"level":"info","message":"admin logged in success fully","timestamp":"2025-09-21T16:10:02.397Z"}
{"level":"info","message":"admin logged in response sending successfully","timestamp":"2025-09-21T16:10:02.407Z"}
{"level":"error","message":"Redis connection failed: connect ECONNREFUSED ::1:6379","timestamp":"2025-09-22T04:41:41.471Z"}
{"level":"info","message":"payload from JWT->generateToken : [object Object]","timestamp":"2025-09-22T04:42:22.168Z"}
{"level":"info","message":"From UserAuth->verifyLogin:- User sanju@gmail.com logged in successfully","timestamp":"2025-09-22T04:42:22.178Z"}
{"level":"info","message":"User sanju@gmail.com logged in successfully","timestamp":"2025-09-22T04:42:22.181Z"}
{"level":"info","message":"payload from JWT->generateToken : [object Object]","timestamp":"2025-09-22T04:42:59.190Z"}
{"level":"info","message":"admin logged in success fully","timestamp":"2025-09-22T04:42:59.192Z"}
{"level":"info","message":"admin logged in response sending successfully","timestamp":"2025-09-22T04:42:59.193Z"}
{"level":"info","message":"payload from JWT->generateToken : [object Object]","timestamp":"2025-09-22T04:44:43.810Z"}
{"level":"info","message":"admin logged in success fully","timestamp":"2025-09-22T04:44:43.815Z"}
{"level":"info","message":"admin logged in response sending successfully","timestamp":"2025-09-22T04:44:43.816Z"}
